[1219/000424.055:ERROR:process_memory_win.cc(73)] ReadMemory at 0x1dcd92b3780 of 72 bytes failed: Only part of a ReadProcessMemory or WriteProcessMemory request was completed. (0x12B)
[1219/000424.723:WARNING:pe_image_annotations_reader.cc(134)] could not read annotations list object in C:\Program Files (x86)\Google\Chrome\Application\79.0.3945.79\chrome_elf.dll
[1219/000424.723:ERROR:process_memory_win.cc(73)] ReadMemory at 0x7ff90e2b0000 of 64 bytes failed: Only part of a ReadProcessMemory or WriteProcessMemory request was completed. (0x12B)
[1219/000424.724:WARNING:pe_image_reader.cc(340)] could not read dos header from C:\WINDOWS\SYSTEM32\VERSION.dll
[1219/000424.724:ERROR:process_memory_win.cc(73)] ReadMemory at 0x7ff91b8f0000 of 64 bytes failed: Only part of a ReadProcessMemory or WriteProcessMemory request was completed. (0x12B)
[1219/000424.725:WARNING:pe_image_reader.cc(340)] could not read dos header from C:\WINDOWS\System32\msvcrt.dll
[1219/000424.725:ERROR:process_memory_win.cc(73)] ReadMemory at 0x7ff919960000 of 64 bytes failed: Only part of a ReadProcessMemory or WriteProcessMemory request was completed. (0x12B)
[1219/000424.725:WARNING:pe_image_reader.cc(340)] could not read dos header from C:\WINDOWS\System32\bcryptPrimitives.dll
[1219/000424.725:ERROR:process_memory_win.cc(73)] ReadMemory at 0x7ff91b6b0000 of 64 bytes failed: Only part of a ReadProcessMemory or WriteProcessMemory request was completed. (0x12B)
[1219/000424.725:WARNING:pe_image_reader.cc(340)] could not read dos header from C:\WINDOWS\System32\ADVAPI32.dll
[1219/000424.725:ERROR:process_memory_win.cc(73)] ReadMemory at 0x7ff91c410000 of 64 bytes failed: Only part of a ReadProcessMemory or WriteProcessMemory request was completed. (0x12B)
[1219/000424.725:WARNING:pe_image_reader.cc(340)] could not read dos header from C:\WINDOWS\System32\sechost.dll
[1219/000424.725:ERROR:process_memory_win.cc(73)] ReadMemory at 0x7ff91c220000 of 64 bytes failed: Only part of a ReadProcessMemory or WriteProcessMemory request was completed. (0x12B)
[1219/000424.725:WARNING:pe_image_reader.cc(340)] could not read dos header from C:\WINDOWS\System32\RPCRT4.dll
[1219/000424.726:ERROR:process_memory_win.cc(73)] ReadMemory at 0x7ff8be830000 of 64 bytes failed: Only part of a ReadProcessMemory or WriteProcessMemory request was completed. (0x12B)
[1219/000424.726:WARNING:pe_image_reader.cc(340)] could not read dos header from C:\Program Files (x86)\Google\Chrome\Application\79.0.3945.79\chrome_child.dll
[1219/000424.726:ERROR:process_memory_win.cc(73)] ReadMemory at 0x7ff91c150000 of 64 bytes failed: Only part of a ReadProcessMemory or WriteProcessMemory request was completed. (0x12B)
[1219/000424.726:WARNING:pe_image_reader.cc(340)] could not read dos header from C:\WINDOWS\System32\OLEAUT32.dll
[1219/000424.726:ERROR:process_memory_win.cc(73)] ReadMemory at 0x7ff918de0000 of 64 bytes failed: Only part of a ReadProcessMemory or WriteProcessMemory request was completed. (0x12B)
[1219/000424.726:WARNING:pe_image_reader.cc(340)] could not read dos header from C:\WINDOWS\System32\msvcp_win.dll
[1219/000424.726:ERROR:process_memory_win.cc(73)] ReadMemory at 0x7ff918f90000 of 64 bytes failed: Only part of a ReadProcessMemory or WriteProcessMemory request was completed. (0x12B)
[1219/000424.726:WARNING:pe_image_reader.cc(340)] could not read dos header from C:\WINDOWS\System32\ucrtbase.dll
[1219/000424.726:ERROR:process_memory_win.cc(73)] ReadMemory at 0x7ff91c470000 of 64 bytes failed: Only part of a ReadProcessMemory or WriteProcessMemory request was completed. (0x12B)
[1219/000424.727:WARNING:pe_image_reader.cc(340)] could not read dos header from C:\WINDOWS\System32\combase.dll
[1219/000424.727:ERROR:process_memory_win.cc(73)] ReadMemory at 0x7ff91b640000 of 64 bytes failed: Only part of a ReadProcessMemory or WriteProcessMemory request was completed. (0x12B)
[1219/000424.727:WARNING:pe_image_reader.cc(340)] could not read dos header from C:\WINDOWS\System32\WS2_32.dll
[1219/000424.727:ERROR:process_memory_win.cc(73)] ReadMemory at 0x7ff918f30000 of 64 bytes failed: Only part of a ReadProcessMemory or WriteProcessMemory request was completed. (0x12B)
[1219/000424.727:WARNING:pe_image_reader.cc(340)] could not read dos header from C:\WINDOWS\System32\WINTRUST.dll
[1219/000424.727:ERROR:process_memory_win.cc(73)] ReadMemory at 0x7ff918b60000 of 64 bytes failed: Only part of a ReadProcessMemory or WriteProcessMemory request was completed. (0x12B)
[1219/000424.727:WARNING:pe_image_reader.cc(340)] could not read dos header from C:\WINDOWS\System32\MSASN1.dll
[1219/000424.728:ERROR:process_memory_win.cc(73)] ReadMemory at 0x7ff918bf0000 of 64 bytes failed: Only part of a ReadProcessMemory or WriteProcessMemory request was completed. (0x12B)
[1219/000424.728:WARNING:pe_image_reader.cc(340)] could not read dos header from C:\WINDOWS\System32\CRYPT32.dll
[1219/000424.728:ERROR:process_memory_win.cc(73)] ReadMemory at 0x7ff918090000 of 64 bytes failed: Only part of a ReadProcessMemory or WriteProcessMemory request was completed. (0x12B)
[1219/000424.728:WARNING:pe_image_reader.cc(340)] could not read dos header from C:\WINDOWS\SYSTEM32\IPHLPAPI.DLL
[1219/000424.728:ERROR:process_memory_win.cc(73)] ReadMemory at 0x7ff916510000 of 64 bytes failed: Only part of a ReadProcessMemory or WriteProcessMemory request was completed. (0x12B)
[1219/000424.728:WARNING:pe_image_reader.cc(340)] could not read dos header from C:\WINDOWS\SYSTEM32\WINMM.dll
[1219/000424.728:ERROR:process_memory_win.cc(73)] ReadMemory at 0x7ff9189e0000 of 64 bytes failed: Only part of a ReadProcessMemory or WriteProcessMemory request was completed. (0x12B)
[1219/000424.728:WARNING:pe_image_reader.cc(340)] could not read dos header from C:\WINDOWS\SYSTEM32\USERENV.dll
[1219/000424.728:ERROR:process_memory_win.cc(73)] ReadMemory at 0x7ff918b80000 of 64 bytes failed: Only part of a ReadProcessMemory or WriteProcessMemory request was completed. (0x12B)
[1219/000424.728:WARNING:pe_image_reader.cc(340)] could not read dos header from C:\WINDOWS\System32\profapi.dll
[1219/000424.729:ERROR:process_memory_win.cc(73)] ReadMemory at 0x7ff909be0000 of 64 bytes failed: Only part of a ReadProcessMemory or WriteProcessMemory request was completed. (0x12B)
[1219/000424.729:WARNING:pe_image_reader.cc(340)] could not read dos header from C:\WINDOWS\SYSTEM32\DWrite.dll
[1219/000424.729:ERROR:process_memory_win.cc(73)] ReadMemory at 0x7ff910910000 of 64 bytes failed: Only part of a ReadProcessMemory or WriteProcessMemory request was completed. (0x12B)
[1219/000424.729:WARNING:pe_image_reader.cc(340)] could not read dos header from C:\WINDOWS\SYSTEM32\WINSPOOL.DRV
[1219/000424.729:ERROR:process_memory_win.cc(73)] ReadMemory at 0x7ff918ae0000 of 64 bytes failed: Only part of a ReadProcessMemory or WriteProcessMemory request was completed. (0x12B)
[1219/000424.729:WARNING:pe_image_reader.cc(340)] could not read dos header from C:\WINDOWS\System32\kernel.appcore.dll
[1219/000424.729:ERROR:process_memory_win.cc(73)] ReadMemory at 0x7ff907100000 of 64 bytes failed: Only part of a ReadProcessMemory or WriteProcessMemory request was completed. (0x12B)
[1219/000424.729:WARNING:pe_image_reader.cc(340)] could not read dos header from C:\WINDOWS\SYSTEM32\dbghelp.dll
[1219/000424.730:ERROR:process_memory_win.cc(73)] ReadMemory at 0x7ff908430000 of 64 bytes failed: Only part of a ReadProcessMemory or WriteProcessMemory request was completed. (0x12B)
[1219/000424.730:WARNING:pe_image_reader.cc(340)] could not read dos header from C:\WINDOWS\SYSTEM32\Secur32.dll
[1219/000424.730:ERROR:process_memory_win.cc(73)] ReadMemory at 0x7ff911780000 of 64 bytes failed: Only part of a ReadProcessMemory or WriteProcessMemory request was completed. (0x12B)
[1219/000424.730:WARNING:pe_image_reader.cc(340)] could not read dos header from C:\WINDOWS\SYSTEM32\WINHTTP.dll
[1219/000424.730:ERROR:process_memory_win.cc(73)] ReadMemory at 0x7ff90f840000 of 64 bytes failed: Only part of a ReadProcessMemory or WriteProcessMemory request was completed. (0x12B)
[1219/000424.730:WARNING:pe_image_reader.cc(340)] could not read dos header from C:\WINDOWS\SYSTEM32\dhcpcsvc.DLL
[1219/000424.730:ERROR:process_memory_win.cc(73)] ReadMemory at 0x7ff91bba0000 of 64 bytes failed: Only part of a ReadProcessMemory or WriteProcessMemory request was completed. (0x12B)
[1219/000424.730:WARNING:pe_image_reader.cc(340)] could not read dos header from C:\WINDOWS\System32\NSI.dll
[1219/000424.731:ERROR:process_memory_win.cc(73)] ReadMemory at 0x7ff9164e0000 of 64 bytes failed: Only part of a ReadProcessMemory or WriteProcessMemory request was completed. (0x12B)
[1219/000424.731:WARNING:pe_image_reader.cc(340)] could not read dos header from C:\WINDOWS\SYSTEM32\WINMMBASE.dll
[1219/000424.731:ERROR:process_memory_win.cc(73)] ReadMemory at 0x7ff918ba0000 of 64 bytes failed: Only part of a ReadProcessMemory or WriteProcessMemory request was completed. (0x12B)
[1219/000424.731:WARNING:pe_image_reader.cc(340)] could not read dos header from C:\WINDOWS\System32\cfgmgr32.dll
[1219/000424.731:ERROR:process_memory_win.cc(73)] ReadMemory at 0x7ff9175e0000 of 64 bytes failed: Only part of a ReadProcessMemory or WriteProcessMemory request was completed. (0x12B)
[1219/000424.731:WARNING:pe_image_reader.cc(340)] could not read dos header from C:\WINDOWS\SYSTEM32\PROPSYS.dll
[1219/000424.731:ERROR:process_memory_win.cc(73)] ReadMemory at 0x7ff919c60000 of 64 bytes failed: Only part of a ReadProcessMemory or WriteProcessMemory request was completed. (0x12B)
[1219/000424.731:WARNING:pe_image_reader.cc(340)] could not read dos header from C:\WINDOWS\System32\shcore.dll
[1219/000424.731:ERROR:process_memory_win.cc(73)] ReadMemory at 0x7ff918640000 of 64 bytes failed: Only part of a ReadProcessMemory or WriteProcessMemory request was completed. (0x12B)
[1219/000424.732:WARNING:pe_image_reader.cc(340)] could not read dos header from C:\WINDOWS\SYSTEM32\bcrypt.dll
[1219/000424.732:ERROR:process_memory_win.cc(73)] ReadMemory at 0x7ff918a10000 of 64 bytes failed: Only part of a ReadProcessMemory or WriteProcessMemory request was completed. (0x12B)
[1219/000424.732:WARNING:pe_image_reader.cc(340)] could not read dos header from C:\WINDOWS\SYSTEM32\SSPICLI.DLL
[1219/000424.732:ERROR:process_memory_win.cc(73)] ReadMemory at 0x7ff918530000 of 64 bytes failed: Only part of a ReadProcessMemory or WriteProcessMemory request was completed. (0x12B)
[1219/000424.732:WARNING:pe_image_reader.cc(340)] could not read dos header from C:\WINDOWS\SYSTEM32\CRYPTBASE.DLL
[1219/000424.733:ERROR:process_memory_win.cc(73)] ReadMemory at 0x7ff7a22b0000 of 64 bytes failed: Only part of a ReadProcessMemory or WriteProcessMemory request was completed. (0x12B)
[1219/000424.733:WARNING:pe_image_reader.cc(340)] could not read dos header from C:\Program Files (x86)\Google\Chrome\Application\chrome.exe
[1219/000424.733:ERROR:process_memory_win.cc(73)] ReadMemory at 0x7ff91c7d0000 of 64 bytes failed: Only part of a ReadProcessMemory or WriteProcessMemory request was completed. (0x12B)
[1219/000424.733:WARNING:pe_image_reader.cc(340)] could not read dos header from C:\WINDOWS\SYSTEM32\ntdll.dll
[1219/000424.733:ERROR:process_memory_win.cc(73)] ReadMemory at 0x7ff91b1a0000 of 64 bytes failed: Only part of a ReadProcessMemory or WriteProcessMemory request was completed. (0x12B)
[1219/000424.733:WARNING:pe_image_reader.cc(340)] could not read dos header from C:\WINDOWS\System32\KERNEL32.DLL
[1219/000424.734:ERROR:process_memory_win.cc(73)] ReadMemory at 0x7ff9199e0000 of 64 bytes failed: Only part of a ReadProcessMemory or WriteProcessMemory request was completed. (0x12B)
[1219/000424.734:WARNING:pe_image_reader.cc(340)] could not read dos header from C:\WINDOWS\System32\KERNELBASE.dll
[1219/000424.734:ERROR:process_memory_win.cc(73)] ReadMemory at 0x7ff8f82d0000 of 64 bytes failed: Only part of a ReadProcessMemory or WriteProcessMemory request was completed. (0x12B)
[1219/000424.734:WARNING:pe_image_reader.cc(340)] could not read dos header from C:\Program Files (x86)\Google\Chrome\Application\79.0.3945.79\chrome_elf.dll
[1219/000424.734:ERROR:process_memory_win.cc(73)] ReadMemory at 0x7ff90e2b0000 of 64 bytes failed: Only part of a ReadProcessMemory or WriteProcessMemory request was completed. (0x12B)
[1219/000424.769:WARNING:pe_image_reader.cc(340)] could not read dos header from C:\WINDOWS\SYSTEM32\VERSION.dll
[1219/000424.769:ERROR:process_memory_win.cc(73)] ReadMemory at 0x7ff91b8f0000 of 64 bytes failed: Only part of a ReadProcessMemory or WriteProcessMemory request was completed. (0x12B)
[1219/000424.769:WARNING:pe_image_reader.cc(340)] could not read dos header from C:\WINDOWS\System32\msvcrt.dll
[1219/000424.769:ERROR:process_memory_win.cc(73)] ReadMemory at 0x7ff919960000 of 64 bytes failed: Only part of a ReadProcessMemory or WriteProcessMemory request was completed. (0x12B)
[1219/000424.769:WARNING:pe_image_reader.cc(340)] could not read dos header from C:\WINDOWS\System32\bcryptPrimitives.dll
[1219/000424.769:ERROR:process_memory_win.cc(73)] ReadMemory at 0x7ff91b6b0000 of 64 bytes failed: Only part of a ReadProcessMemory or WriteProcessMemory request was completed. (0x12B)
[1219/000424.769:WARNING:pe_image_reader.cc(340)] could not read dos header from C:\WINDOWS\System32\ADVAPI32.dll
[1219/000424.770:ERROR:process_memory_win.cc(73)] ReadMemory at 0x7ff91c410000 of 64 bytes failed: Only part of a ReadProcessMemory or WriteProcessMemory request was completed. (0x12B)
[1219/000424.770:WARNING:pe_image_reader.cc(340)] could not read dos header from C:\WINDOWS\System32\sechost.dll
[1219/000424.770:ERROR:process_memory_win.cc(73)] ReadMemory at 0x7ff91c220000 of 64 bytes failed: Only part of a ReadProcessMemory or WriteProcessMemory request was completed. (0x12B)
[1219/000424.770:WARNING:pe_image_reader.cc(340)] could not read dos header from C:\WINDOWS\System32\RPCRT4.dll
[1219/000424.770:ERROR:process_memory_win.cc(73)] ReadMemory at 0x7ff8be830000 of 64 bytes failed: Only part of a ReadProcessMemory or WriteProcessMemory request was completed. (0x12B)
[1219/000424.770:WARNING:pe_image_reader.cc(340)] could not read dos header from C:\Program Files (x86)\Google\Chrome\Application\79.0.3945.79\chrome_child.dll
[1219/000424.770:ERROR:process_memory_win.cc(73)] ReadMemory at 0x7ff91c150000 of 64 bytes failed: Only part of a ReadProcessMemory or WriteProcessMemory request was completed. (0x12B)
[1219/000424.770:WARNING:pe_image_reader.cc(340)] could not read dos header from C:\WINDOWS\System32\OLEAUT32.dll
[1219/000424.770:ERROR:process_memory_win.cc(73)] ReadMemory at 0x7ff918de0000 of 64 bytes failed: Only part of a ReadProcessMemory or WriteProcessMemory request was completed. (0x12B)
[1219/000424.771:WARNING:pe_image_reader.cc(340)] could not read dos header from C:\WINDOWS\System32\msvcp_win.dll
[1219/000424.771:ERROR:process_memory_win.cc(73)] ReadMemory at 0x7ff918f90000 of 64 bytes failed: Only part of a ReadProcessMemory or WriteProcessMemory request was completed. (0x12B)
[1219/000424.771:WARNING:pe_image_reader.cc(340)] could not read dos header from C:\WINDOWS\System32\ucrtbase.dll
[1219/000424.771:ERROR:process_memory_win.cc(73)] ReadMemory at 0x7ff91c470000 of 64 bytes failed: Only part of a ReadProcessMemory or WriteProcessMemory request was completed. (0x12B)
[1219/000424.771:WARNING:pe_image_reader.cc(340)] could not read dos header from C:\WINDOWS\System32\combase.dll
[1219/000424.772:ERROR:process_memory_win.cc(73)] ReadMemory at 0x7ff91b640000 of 64 bytes failed: Only part of a ReadProcessMemory or WriteProcessMemory request was completed. (0x12B)
[1219/000424.772:WARNING:pe_image_reader.cc(340)] could not read dos header from C:\WINDOWS\System32\WS2_32.dll
[1219/000424.772:ERROR:process_memory_win.cc(73)] ReadMemory at 0x7ff918f30000 of 64 bytes failed: Only part of a ReadProcessMemory or WriteProcessMemory request was completed. (0x12B)
[1219/000424.772:WARNING:pe_image_reader.cc(340)] could not read dos header from C:\WINDOWS\System32\WINTRUST.dll
[1219/000424.772:ERROR:process_memory_win.cc(73)] ReadMemory at 0x7ff918b60000 of 64 bytes failed: Only part of a ReadProcessMemory or WriteProcessMemory request was completed. (0x12B)
[1219/000424.773:WARNING:pe_image_reader.cc(340)] could not read dos header from C:\WINDOWS\System32\MSASN1.dll
[1219/000424.773:ERROR:process_memory_win.cc(73)] ReadMemory at 0x7ff918bf0000 of 64 bytes failed: Only part of a ReadProcessMemory or WriteProcessMemory request was completed. (0x12B)
[1219/000424.773:WARNING:pe_image_reader.cc(340)] could not read dos header from C:\WINDOWS\System32\CRYPT32.dll
[1219/000424.773:ERROR:process_memory_win.cc(73)] ReadMemory at 0x7ff918090000 of 64 bytes failed: Only part of a ReadProcessMemory or WriteProcessMemory request was completed. (0x12B)
[1219/000424.773:WARNING:pe_image_reader.cc(340)] could not read dos header from C:\WINDOWS\SYSTEM32\IPHLPAPI.DLL
[1219/000424.773:ERROR:process_memory_win.cc(73)] ReadMemory at 0x7ff916510000 of 64 bytes failed: Only part of a ReadProcessMemory or WriteProcessMemory request was completed. (0x12B)
[1219/000424.773:WARNING:pe_image_reader.cc(340)] could not read dos header from C:\WINDOWS\SYSTEM32\WINMM.dll
[1219/000424.773:ERROR:process_memory_win.cc(73)] ReadMemory at 0x7ff9189e0000 of 64 bytes failed: Only part of a ReadProcessMemory or WriteProcessMemory request was completed. (0x12B)
[1219/000424.773:WARNING:pe_image_reader.cc(340)] could not read dos header from C:\WINDOWS\SYSTEM32\USERENV.dll
[1219/000424.774:ERROR:process_memory_win.cc(73)] ReadMemory at 0x7ff918b80000 of 64 bytes failed: Only part of a ReadProcessMemory or WriteProcessMemory request was completed. (0x12B)
[1219/000424.774:WARNING:pe_image_reader.cc(340)] could not read dos header from C:\WINDOWS\System32\profapi.dll
[1219/000424.774:ERROR:process_memory_win.cc(73)] ReadMemory at 0x7ff909be0000 of 64 bytes failed: Only part of a ReadProcessMemory or WriteProcessMemory request was completed. (0x12B)
[1219/000424.774:WARNING:pe_image_reader.cc(340)] could not read dos header from C:\WINDOWS\SYSTEM32\DWrite.dll
[1219/000424.774:ERROR:process_memory_win.cc(73)] ReadMemory at 0x7ff910910000 of 64 bytes failed: Only part of a ReadProcessMemory or WriteProcessMemory request was completed. (0x12B)
[1219/000424.774:WARNING:pe_image_reader.cc(340)] could not read dos header from C:\WINDOWS\SYSTEM32\WINSPOOL.DRV
[1219/000424.774:ERROR:process_memory_win.cc(73)] ReadMemory at 0x7ff918ae0000 of 64 bytes failed: Only part of a ReadProcessMemory or WriteProcessMemory request was completed. (0x12B)
[1219/000424.774:WARNING:pe_image_reader.cc(340)] could not read dos header from C:\WINDOWS\System32\kernel.appcore.dll
[1219/000424.774:ERROR:process_memory_win.cc(73)] ReadMemory at 0x7ff907100000 of 64 bytes failed: Only part of a ReadProcessMemory or WriteProcessMemory request was completed. (0x12B)
[1219/000424.775:WARNING:pe_image_reader.cc(340)] could not read dos header from C:\WINDOWS\SYSTEM32\dbghelp.dll
[1219/000424.775:ERROR:process_memory_win.cc(73)] ReadMemory at 0x7ff908430000 of 64 bytes failed: Only part of a ReadProcessMemory or WriteProcessMemory request was completed. (0x12B)
[1219/000424.775:WARNING:pe_image_reader.cc(340)] could not read dos header from C:\WINDOWS\SYSTEM32\Secur32.dll
[1219/000424.775:ERROR:process_memory_win.cc(73)] ReadMemory at 0x7ff911780000 of 64 bytes failed: Only part of a ReadProcessMemory or WriteProcessMemory request was completed. (0x12B)
[1219/000424.775:WARNING:pe_image_reader.cc(340)] could not read dos header from C:\WINDOWS\SYSTEM32\WINHTTP.dll
[1219/000424.775:ERROR:process_memory_win.cc(73)] ReadMemory at 0x7ff90f840000 of 64 bytes failed: Only part of a ReadProcessMemory or WriteProcessMemory request was completed. (0x12B)
[1219/000424.775:WARNING:pe_image_reader.cc(340)] could not read dos header from C:\WINDOWS\SYSTEM32\dhcpcsvc.DLL
[1219/000424.775:ERROR:process_memory_win.cc(73)] ReadMemory at 0x7ff91bba0000 of 64 bytes failed: Only part of a ReadProcessMemory or WriteProcessMemory request was completed. (0x12B)
[1219/000424.775:WARNING:pe_image_reader.cc(340)] could not read dos header from C:\WINDOWS\System32\NSI.dll
[1219/000424.776:ERROR:process_memory_win.cc(73)] ReadMemory at 0x7ff9164e0000 of 64 bytes failed: Only part of a ReadProcessMemory or WriteProcessMemory request was completed. (0x12B)
[1219/000424.776:WARNING:pe_image_reader.cc(340)] could not read dos header from C:\WINDOWS\SYSTEM32\WINMMBASE.dll
[1219/000424.776:ERROR:process_memory_win.cc(73)] ReadMemory at 0x7ff918ba0000 of 64 bytes failed: Only part of a ReadProcessMemory or WriteProcessMemory request was completed. (0x12B)
[1219/000424.776:WARNING:pe_image_reader.cc(340)] could not read dos header from C:\WINDOWS\System32\cfgmgr32.dll
[1219/000424.776:ERROR:process_memory_win.cc(73)] ReadMemory at 0x7ff9175e0000 of 64 bytes failed: Only part of a ReadProcessMemory or WriteProcessMemory request was completed. (0x12B)
[1219/000424.776:WARNING:pe_image_reader.cc(340)] could not read dos header from C:\WINDOWS\SYSTEM32\PROPSYS.dll
[1219/000424.777:ERROR:process_memory_win.cc(73)] ReadMemory at 0x7ff919c60000 of 64 bytes failed: Only part of a ReadProcessMemory or WriteProcessMemory request was completed. (0x12B)
[1219/000424.777:WARNING:pe_image_reader.cc(340)] could not read dos header from C:\WINDOWS\System32\shcore.dll
[1219/000424.777:ERROR:process_memory_win.cc(73)] ReadMemory at 0x7ff918640000 of 64 bytes failed: Only part of a ReadProcessMemory or WriteProcessMemory request was completed. (0x12B)
[1219/000424.777:WARNING:pe_image_reader.cc(340)] could not read dos header from C:\WINDOWS\SYSTEM32\bcrypt.dll
[1219/000424.777:ERROR:process_memory_win.cc(73)] ReadMemory at 0x7ff918a10000 of 64 bytes failed: Only part of a ReadProcessMemory or WriteProcessMemory request was completed. (0x12B)
[1219/000424.777:WARNING:pe_image_reader.cc(340)] could not read dos header from C:\WINDOWS\SYSTEM32\SSPICLI.DLL
[1219/000424.778:ERROR:process_memory_win.cc(73)] ReadMemory at 0x7ff918530000 of 64 bytes failed: Only part of a ReadProcessMemory or WriteProcessMemory request was completed. (0x12B)
[1219/000424.778:WARNING:pe_image_reader.cc(340)] could not read dos header from C:\WINDOWS\SYSTEM32\CRYPTBASE.DLL
[1219/000424.918:ERROR:process_memory_win.cc(73)] ReadMemory at 0x5ee8fe0000 of 131072 bytes failed: Only part of a ReadProcessMemory or WriteProcessMemory request was completed. (0x12B)
[1219/000424.936:ERROR:process_memory_win.cc(73)] ReadMemory at 0x5ee9ffd000 of 12288 bytes failed: Only part of a ReadProcessMemory or WriteProcessMemory request was completed. (0x12B)
[1219/000424.937:ERROR:process_memory_win.cc(73)] ReadMemory at 0x5eeaffd000 of 12288 bytes failed: Only part of a ReadProcessMemory or WriteProcessMemory request was completed. (0x12B)
[1219/000424.937:ERROR:process_memory_win.cc(73)] ReadMemory at 0x5eeb7fc000 of 16384 bytes failed: Only part of a ReadProcessMemory or WriteProcessMemory request was completed. (0x12B)
[1219/000424.937:ERROR:process_memory_win.cc(73)] ReadMemory at 0x5eebffe000 of 8192 bytes failed: Only part of a ReadProcessMemory or WriteProcessMemory request was completed. (0x12B)
[1219/000424.938:ERROR:process_memory_win.cc(73)] ReadMemory at 0x5eec7fd000 of 12288 bytes failed: Only part of a ReadProcessMemory or WriteProcessMemory request was completed. (0x12B)
[1219/000424.938:ERROR:process_memory_win.cc(73)] ReadMemory at 0x5eecffb000 of 20480 bytes failed: Only part of a ReadProcessMemory or WriteProcessMemory request was completed. (0x12B)
[1219/000424.939:ERROR:process_memory_win.cc(73)] ReadMemory at 0x5eed7fb000 of 20480 bytes failed: Only part of a ReadProcessMemory or WriteProcessMemory request was completed. (0x12B)
[1219/000424.939:ERROR:process_memory_win.cc(73)] ReadMemory at 0x5eee7f5000 of 45056 bytes failed: Only part of a ReadProcessMemory or WriteProcessMemory request was completed. (0x12B)
[1219/000424.940:ERROR:process_memory_win.cc(73)] ReadMemory at 0x5eeeff5000 of 45056 bytes failed: Only part of a ReadProcessMemory or WriteProcessMemory request was completed. (0x12B)
[1219/000424.941:ERROR:process_memory_win.cc(73)] ReadMemory at 0x5eef7fd000 of 12288 bytes failed: Only part of a ReadProcessMemory or WriteProcessMemory request was completed. (0x12B)
[1219/000424.941:ERROR:process_memory_win.cc(73)] ReadMemory at 0x5ef27fb000 of 20480 bytes failed: Only part of a ReadProcessMemory or WriteProcessMemory request was completed. (0x12B)
[1219/000424.942:ERROR:process_memory_win.cc(73)] ReadMemory at 0x5ef2ffd000 of 12288 bytes failed: Only part of a ReadProcessMemory or WriteProcessMemory request was completed. (0x12B)
[1219/000424.942:ERROR:process_memory_win.cc(73)] ReadMemory at 0x5ef1ffb000 of 20480 bytes failed: Only part of a ReadProcessMemory or WriteProcessMemory request was completed. (0x12B)
[1219/000424.943:ERROR:process_memory_win.cc(73)] ReadMemory at 0x5ee97fc000 of 16384 bytes failed: Only part of a ReadProcessMemory or WriteProcessMemory request was completed. (0x12B)
[1219/000424.943:ERROR:process_memory_win.cc(73)] ReadMemory at 0x5eea7fd000 of 12288 bytes failed: Only part of a ReadProcessMemory or WriteProcessMemory request was completed. (0x12B)
[1219/000424.944:ERROR:process_memory_win.cc(73)] ReadMemory at 0x5eedffd000 of 12288 bytes failed: Only part of a ReadProcessMemory or WriteProcessMemory request was completed. (0x12B)
[1219/000424.944:ERROR:process_memory_win.cc(73)] ReadMemory at 0x5eefff9000 of 28672 bytes failed: Only part of a ReadProcessMemory or WriteProcessMemory request was completed. (0x12B)
[1219/000424.945:ERROR:process_memory_win.cc(73)] ReadMemory at 0x5ef07fe000 of 8192 bytes failed: Only part of a ReadProcessMemory or WriteProcessMemory request was completed. (0x12B)
[1219/000424.945:ERROR:process_memory_win.cc(73)] ReadMemory at 0x5ee86be000 of 852 bytes failed: Only part of a ReadProcessMemory or WriteProcessMemory request was completed. (0x12B)
[1219/000424.945:ERROR:process_memory_win.cc(73)] ReadMemory at 0x5ee86bf000 of 6024 bytes failed: Only part of a ReadProcessMemory or WriteProcessMemory request was completed. (0x12B)
[1219/000424.946:ERROR:process_memory_win.cc(73)] ReadMemory at 0x5ee86c3000 of 6024 bytes failed: Only part of a ReadProcessMemory or WriteProcessMemory request was completed. (0x12B)
[1219/000424.946:ERROR:process_memory_win.cc(73)] ReadMemory at 0x5ee86c7000 of 6024 bytes failed: Only part of a ReadProcessMemory or WriteProcessMemory request was completed. (0x12B)
[1219/000424.946:ERROR:process_memory_win.cc(73)] ReadMemory at 0x5ee86c8f80 of 6152 bytes failed: Only part of a ReadProcessMemory or WriteProcessMemory request was completed. (0x12B)
[1219/000424.947:ERROR:process_memory_win.cc(73)] ReadMemory at 0x5ee86cb000 of 6024 bytes failed: Only part of a ReadProcessMemory or WriteProcessMemory request was completed. (0x12B)
[1219/000424.947:ERROR:process_memory_win.cc(73)] ReadMemory at 0x5ee86cd000 of 6024 bytes failed: Only part of a ReadProcessMemory or WriteProcessMemory request was completed. (0x12B)
[1219/000424.947:ERROR:process_memory_win.cc(73)] ReadMemory at 0x5ee86cf000 of 6024 bytes failed: Only part of a ReadProcessMemory or WriteProcessMemory request was completed. (0x12B)
[1219/000424.948:ERROR:process_memory_win.cc(73)] ReadMemory at 0x5ee86d1000 of 6024 bytes failed: Only part of a ReadProcessMemory or WriteProcessMemory request was completed. (0x12B)
[1219/000424.948:ERROR:process_memory_win.cc(73)] ReadMemory at 0x5ee86d5000 of 6024 bytes failed: Only part of a ReadProcessMemory or WriteProcessMemory request was completed. (0x12B)
[1219/000424.949:ERROR:process_memory_win.cc(73)] ReadMemory at 0x5ee86d7000 of 6024 bytes failed: Only part of a ReadProcessMemory or WriteProcessMemory request was completed. (0x12B)
[1219/000424.949:ERROR:process_memory_win.cc(73)] ReadMemory at 0x5ee86d9000 of 6024 bytes failed: Only part of a ReadProcessMemory or WriteProcessMemory request was completed. (0x12B)
[1219/000424.949:ERROR:process_memory_win.cc(73)] ReadMemory at 0x5ee86e7000 of 6024 bytes failed: Only part of a ReadProcessMemory or WriteProcessMemory request was completed. (0x12B)
[1219/000424.950:ERROR:process_memory_win.cc(73)] ReadMemory at 0x5ee86e9000 of 6024 bytes failed: Only part of a ReadProcessMemory or WriteProcessMemory request was completed. (0x12B)
[1219/000424.950:ERROR:process_memory_win.cc(73)] ReadMemory at 0x5ee86ed000 of 6024 bytes failed: Only part of a ReadProcessMemory or WriteProcessMemory request was completed. (0x12B)
[1219/000424.950:ERROR:process_memory_win.cc(73)] ReadMemory at 0x5ee8777000 of 6024 bytes failed: Only part of a ReadProcessMemory or WriteProcessMemory request was completed. (0x12B)
[1219/000424.951:ERROR:process_memory_win.cc(73)] ReadMemory at 0x5ee8785000 of 6024 bytes failed: Only part of a ReadProcessMemory or WriteProcessMemory request was completed. (0x12B)
[1219/000424.951:ERROR:process_memory_win.cc(73)] ReadMemory at 0x5ee8787000 of 6024 bytes failed: Only part of a ReadProcessMemory or WriteProcessMemory request was completed. (0x12B)
[1219/000424.952:ERROR:process_memory_win.cc(73)] ReadMemory at 0x5ee8789000 of 6024 bytes failed: Only part of a ReadProcessMemory or WriteProcessMemory request was completed. (0x12B)
[1219/000424.952:ERROR:process_memory_win.cc(73)] ReadMemory at 0x5ee878b000 of 6024 bytes failed: Only part of a ReadProcessMemory or WriteProcessMemory request was completed. (0x12B)
[1219/000424.952:ERROR:process_memory_win.cc(73)] ReadMemory at 0x1dcd9150fc0 of 16236 bytes failed: Only part of a ReadProcessMemory or WriteProcessMemory request was completed. (0x12B)
[1219/000424.953:ERROR:process_memory_win.cc(73)] ReadMemory at 0x1dcd9154f40 of 1012 bytes failed: Only part of a ReadProcessMemory or WriteProcessMemory request was completed. (0x12B)
[1219/000424.953:ERROR:process_memory_win.cc(73)] ReadMemory at 0x1dcd9155558 of 118 bytes failed: Only part of a ReadProcessMemory or WriteProcessMemory request was completed. (0x12B)
[1219/000424.953:ERROR:process_memory_win.cc(73)] ReadMemory at 0x1dcd91555d0 of 940 bytes failed: Only part of a ReadProcessMemory or WriteProcessMemory request was completed. (0x12B)
[1219/000424.953:ERROR:process_memory_win.cc(73)] ReadMemory at 0x1dcd915597e of 118 bytes failed: Only part of a ReadProcessMemory or WriteProcessMemory request was completed. (0x12B)
[1219/000424.954:ERROR:process_memory_win.cc(73)] ReadMemory at 0x1dcd91559f6 of 96 bytes failed: Only part of a ReadProcessMemory or WriteProcessMemory request was completed. (0x12B)
[1219/000424.954:ERROR:process_memory_win.cc(73)] ReadMemory at 0x1dcd9155a70 of 58 bytes failed: Only part of a ReadProcessMemory or WriteProcessMemory request was completed. (0x12B)
[1219/000424.954:ERROR:process_memory_win.cc(73)] ReadMemory at 0x1dcd9155b70 of 132 bytes failed: Only part of a ReadProcessMemory or WriteProcessMemory request was completed. (0x12B)
[1219/000424.954:ERROR:process_memory_win.cc(73)] ReadMemory at 0x1dcd9155d00 of 132 bytes failed: Only part of a ReadProcessMemory or WriteProcessMemory request was completed. (0x12B)
[1219/000424.954:ERROR:process_memory_win.cc(73)] ReadMemory at 0x1dcd9155ec0 of 124 bytes failed: Only part of a ReadProcessMemory or WriteProcessMemory request was completed. (0x12B)
[1219/000424.955:ERROR:process_memory_win.cc(73)] ReadMemory at 0x1dcd91562a0 of 132 bytes failed: Only part of a ReadProcessMemory or WriteProcessMemory request was completed. (0x12B)
[1219/000424.955:ERROR:process_memory_win.cc(73)] ReadMemory at 0x1dcd9156430 of 64 bytes failed: Only part of a ReadProcessMemory or WriteProcessMemory request was completed. (0x12B)
[1219/000424.955:ERROR:process_memory_win.cc(73)] ReadMemory at 0x1dcd9156480 of 132 bytes failed: Only part of a ReadProcessMemory or WriteProcessMemory request was completed. (0x12B)
[1219/000424.956:ERROR:process_memory_win.cc(73)] ReadMemory at 0x1dcd91565f0 of 132 bytes failed: Only part of a ReadProcessMemory or WriteProcessMemory request was completed. (0x12B)
[1219/000424.956:ERROR:process_memory_win.cc(73)] ReadMemory at 0x1dcd9156880 of 132 bytes failed: Only part of a ReadProcessMemory or WriteProcessMemory request was completed. (0x12B)
[1219/000424.956:ERROR:process_memory_win.cc(73)] ReadMemory at 0x1dcd9156a10 of 68 bytes failed: Only part of a ReadProcessMemory or WriteProcessMemory request was completed. (0x12B)
[1219/000424.956:ERROR:process_memory_win.cc(73)] ReadMemory at 0x1dcd9157900 of 132 bytes failed: Only part of a ReadProcessMemory or WriteProcessMemory request was completed. (0x12B)
[1219/000424.956:ERROR:process_memory_win.cc(73)] ReadMemory at 0x1dcd9157a90 of 152 bytes failed: Only part of a ReadProcessMemory or WriteProcessMemory request was completed. (0x12B)
[1219/000425.022:ERROR:process_memory_win.cc(73)] ReadMemory at 0x1dcd9158e80 of 132 bytes failed: Only part of a ReadProcessMemory or WriteProcessMemory request was completed. (0x12B)
[1219/000425.022:ERROR:process_memory_win.cc(73)] ReadMemory at 0x1dcd9159a80 of 62 bytes failed: Only part of a ReadProcessMemory or WriteProcessMemory request was completed. (0x12B)
[1219/000425.023:ERROR:process_memory_win.cc(73)] ReadMemory at 0x1dcd9159bb0 of 132 bytes failed: Only part of a ReadProcessMemory or WriteProcessMemory request was completed. (0x12B)
[1219/000425.023:ERROR:process_memory_win.cc(73)] ReadMemory at 0x1dcd9159d40 of 60 bytes failed: Only part of a ReadProcessMemory or WriteProcessMemory request was completed. (0x12B)
[1219/000425.023:ERROR:process_memory_win.cc(73)] ReadMemory at 0x1dcd915d590 of 132 bytes failed: Only part of a ReadProcessMemory or WriteProcessMemory request was completed. (0x12B)
[1219/000425.023:ERROR:process_memory_win.cc(73)] ReadMemory at 0x1dcd915d6c0 of 132 bytes failed: Only part of a ReadProcessMemory or WriteProcessMemory request was completed. (0x12B)
[1219/000425.023:ERROR:process_memory_win.cc(73)] ReadMemory at 0x1dcd915d850 of 80 bytes failed: Only part of a ReadProcessMemory or WriteProcessMemory request was completed. (0x12B)
[1219/000425.024:ERROR:process_memory_win.cc(73)] ReadMemory at 0x1dcd915d8b0 of 156 bytes failed: Only part of a ReadProcessMemory or WriteProcessMemory request was completed. (0x12B)
[1219/000425.024:ERROR:process_memory_win.cc(73)] ReadMemory at 0x1dcd915d9f0 of 60 bytes failed: Only part of a ReadProcessMemory or WriteProcessMemory request was completed. (0x12B)
[1219/000425.024:ERROR:process_memory_win.cc(73)] ReadMemory at 0x1dcd915da40 of 58 bytes failed: Only part of a ReadProcessMemory or WriteProcessMemory request was completed. (0x12B)
[1219/000425.024:ERROR:process_memory_win.cc(73)] ReadMemory at 0x1dcd915dae0 of 62 bytes failed: Only part of a ReadProcessMemory or WriteProcessMemory request was completed. (0x12B)
[1219/000425.025:ERROR:process_memory_win.cc(73)] ReadMemory at 0x1dcd915db30 of 64 bytes failed: Only part of a ReadProcessMemory or WriteProcessMemory request was completed. (0x12B)
[1219/000425.025:ERROR:process_memory_win.cc(73)] ReadMemory at 0x1dcd915db80 of 62 bytes failed: Only part of a ReadProcessMemory or WriteProcessMemory request was completed. (0x12B)
[1219/000425.025:ERROR:process_memory_win.cc(73)] ReadMemory at 0x1dcd915dbd0 of 62 bytes failed: Only part of a ReadProcessMemory or WriteProcessMemory request was completed. (0x12B)
[1219/000425.025:ERROR:process_memory_win.cc(73)] ReadMemory at 0x1dcd915dc20 of 62 bytes failed: Only part of a ReadProcessMemory or WriteProcessMemory request was completed. (0x12B)
[1219/000425.025:ERROR:process_memory_win.cc(73)] ReadMemory at 0x1dcd915dcc0 of 62 bytes failed: Only part of a ReadProcessMemory or WriteProcessMemory request was completed. (0x12B)
[1219/000425.026:ERROR:process_memory_win.cc(73)] ReadMemory at 0x1dcd915dd10 of 64 bytes failed: Only part of a ReadProcessMemory or WriteProcessMemory request was completed. (0x12B)
[1219/000425.026:ERROR:process_memory_win.cc(73)] ReadMemory at 0x1dcd915dd60 of 60 bytes failed: Only part of a ReadProcessMemory or WriteProcessMemory request was completed. (0x12B)
[1219/000425.026:ERROR:process_memory_win.cc(73)] ReadMemory at 0x1dcd915de00 of 64 bytes failed: Only part of a ReadProcessMemory or WriteProcessMemory request was completed. (0x12B)
[1219/000425.026:ERROR:process_memory_win.cc(73)] ReadMemory at 0x1dcd915dea0 of 64 bytes failed: Only part of a ReadProcessMemory or WriteProcessMemory request was completed. (0x12B)
[1219/000425.026:ERROR:process_memory_win.cc(73)] ReadMemory at 0x1dcd915def0 of 60 bytes failed: Only part of a ReadProcessMemory or WriteProcessMemory request was completed. (0x12B)
[1219/000425.026:ERROR:process_memory_win.cc(73)] ReadMemory at 0x1dcd915df40 of 62 bytes failed: Only part of a ReadProcessMemory or WriteProcessMemory request was completed. (0x12B)
[1219/000425.027:ERROR:process_memory_win.cc(73)] ReadMemory at 0x1dcd915df90 of 64 bytes failed: Only part of a ReadProcessMemory or WriteProcessMemory request was completed. (0x12B)
[1219/000425.027:ERROR:process_memory_win.cc(73)] ReadMemory at 0x1dcd915dfe0 of 66 bytes failed: Only part of a ReadProcessMemory or WriteProcessMemory request was completed. (0x12B)
[1219/000425.027:ERROR:process_memory_win.cc(73)] ReadMemory at 0x1dcd915e030 of 62 bytes failed: Only part of a ReadProcessMemory or WriteProcessMemory request was completed. (0x12B)
[1219/000425.027:ERROR:process_memory_win.cc(73)] ReadMemory at 0x1dcd915e080 of 62 bytes failed: Only part of a ReadProcessMemory or WriteProcessMemory request was completed. (0x12B)
[1219/000425.027:ERROR:process_memory_win.cc(73)] ReadMemory at 0x1dcd915e0d0 of 60 bytes failed: Only part of a ReadProcessMemory or WriteProcessMemory request was completed. (0x12B)
[1219/000425.028:ERROR:process_memory_win.cc(73)] ReadMemory at 0x1dcd915e120 of 64 bytes failed: Only part of a ReadProcessMemory or WriteProcessMemory request was completed. (0x12B)
[1219/000425.028:ERROR:process_memory_win.cc(73)] ReadMemory at 0x1dcd915e600 of 60 bytes failed: Only part of a ReadProcessMemory or WriteProcessMemory request was completed. (0x12B)
[1219/000425.028:ERROR:process_memory_win.cc(73)] ReadMemory at 0x1dcd915e9c0 of 66 bytes failed: Only part of a ReadProcessMemory or WriteProcessMemory request was completed. (0x12B)
[1219/000425.028:ERROR:process_memory_win.cc(73)] ReadMemory at 0x1dcd915ebf0 of 62 bytes failed: Only part of a ReadProcessMemory or WriteProcessMemory request was completed. (0x12B)
[1219/000425.028:ERROR:process_memory_win.cc(73)] ReadMemory at 0x1dcd915f000 of 60 bytes failed: Only part of a ReadProcessMemory or WriteProcessMemory request was completed. (0x12B)
[1219/000425.029:ERROR:process_memory_win.cc(73)] ReadMemory at 0x1dcd915f0f0 of 64 bytes failed: Only part of a ReadProcessMemory or WriteProcessMemory request was completed. (0x12B)
[1219/000425.029:ERROR:process_memory_win.cc(73)] ReadMemory at 0x1dcd915f4b0 of 62 bytes failed: Only part of a ReadProcessMemory or WriteProcessMemory request was completed. (0x12B)
[1219/000425.029:ERROR:process_memory_win.cc(73)] ReadMemory at 0x1dcd915f500 of 64 bytes failed: Only part of a ReadProcessMemory or WriteProcessMemory request was completed. (0x12B)
[1219/000425.030:ERROR:process_memory_win.cc(73)] ReadMemory at 0x1dcd9160b40 of 132 bytes failed: Only part of a ReadProcessMemory or WriteProcessMemory request was completed. (0x12B)
[1219/000425.030:ERROR:process_memory_win.cc(73)] ReadMemory at 0x1dcd9160c70 of 132 bytes failed: Only part of a ReadProcessMemory or WriteProcessMemory request was completed. (0x12B)
[1219/000425.030:ERROR:process_memory_win.cc(73)] ReadMemory at 0x1dcd9162be0 of 54 bytes failed: Only part of a ReadProcessMemory or WriteProcessMemory request was completed. (0x12B)
[1219/000425.030:ERROR:process_memory_win.cc(73)] ReadMemory at 0x1dcd9164eb0 of 132 bytes failed: Only part of a ReadProcessMemory or WriteProcessMemory request was completed. (0x12B)
[1219/000425.031:ERROR:process_memory_win.cc(73)] ReadMemory at 0x1dcd9165250 of 132 bytes failed: Only part of a ReadProcessMemory or WriteProcessMemory request was completed. (0x12B)
[1219/000425.031:ERROR:process_memory_win.cc(73)] ReadMemory at 0x1dcd91665d0 of 76 bytes failed: Only part of a ReadProcessMemory or WriteProcessMemory request was completed. (0x12B)
[1219/000425.031:ERROR:process_memory_win.cc(73)] ReadMemory at 0x1dcd91680d0 of 132 bytes failed: Only part of a ReadProcessMemory or WriteProcessMemory request was completed. (0x12B)
[1219/000425.031:ERROR:process_memory_win.cc(73)] ReadMemory at 0x1dcd9168200 of 132 bytes failed: Only part of a ReadProcessMemory or WriteProcessMemory request was completed. (0x12B)
[1219/000425.032:ERROR:process_memory_win.cc(73)] ReadMemory at 0x1dcd9168b60 of 512 bytes failed: Only part of a ReadProcessMemory or WriteProcessMemory request was completed. (0x12B)
[1219/000425.032:ERROR:process_memory_win.cc(73)] ReadMemory at 0x1dcd916ade0 of 132 bytes failed: Only part of a ReadProcessMemory or WriteProcessMemory request was completed. (0x12B)
[1219/000425.032:ERROR:process_memory_win.cc(73)] ReadMemory at 0x1dcd916af10 of 132 bytes failed: Only part of a ReadProcessMemory or WriteProcessMemory request was completed. (0x12B)
[1219/000425.032:ERROR:process_memory_win.cc(73)] ReadMemory at 0x1dcd916b040 of 132 bytes failed: Only part of a ReadProcessMemory or WriteProcessMemory request was completed. (0x12B)
[1219/000425.032:ERROR:process_memory_win.cc(73)] ReadMemory at 0x1dcd916b2a0 of 132 bytes failed: Only part of a ReadProcessMemory or WriteProcessMemory request was completed. (0x12B)
[1219/000425.033:ERROR:process_memory_win.cc(73)] ReadMemory at 0x1dcd916b3d0 of 132 bytes failed: Only part of a ReadProcessMemory or WriteProcessMemory request was completed. (0x12B)
[1219/000425.033:ERROR:process_memory_win.cc(73)] ReadMemory at 0x1dcd916b500 of 132 bytes failed: Only part of a ReadProcessMemory or WriteProcessMemory request was completed. (0x12B)
[1219/000425.033:ERROR:process_memory_win.cc(73)] ReadMemory at 0x1dcd916b630 of 132 bytes failed: Only part of a ReadProcessMemory or WriteProcessMemory request was completed. (0x12B)
[1219/000425.033:ERROR:process_memory_win.cc(73)] ReadMemory at 0x1dcd916b760 of 132 bytes failed: Only part of a ReadProcessMemory or WriteProcessMemory request was completed. (0x12B)
[1219/000425.034:ERROR:process_memory_win.cc(73)] ReadMemory at 0x1dcd916b890 of 132 bytes failed: Only part of a ReadProcessMemory or WriteProcessMemory request was completed. (0x12B)
[1219/000425.034:ERROR:process_memory_win.cc(73)] ReadMemory at 0x1dcd916b9c0 of 132 bytes failed: Only part of a ReadProcessMemory or WriteProcessMemory request was completed. (0x12B)
[1219/000425.034:ERROR:process_memory_win.cc(73)] ReadMemory at 0x1dcd916baf0 of 132 bytes failed: Only part of a ReadProcessMemory or WriteProcessMemory request was completed. (0x12B)
[1219/000425.034:ERROR:process_memory_win.cc(73)] ReadMemory at 0x1dcd916bc20 of 132 bytes failed: Only part of a ReadProcessMemory or WriteProcessMemory request was completed. (0x12B)
[1219/000425.034:ERROR:process_memory_win.cc(73)] ReadMemory at 0x1dcd916bfc0 of 132 bytes failed: Only part of a ReadProcessMemory or WriteProcessMemory request was completed. (0x12B)
[1219/000425.035:ERROR:process_memory_win.cc(73)] ReadMemory at 0x1dcd916c6e0 of 132 bytes failed: Only part of a ReadProcessMemory or WriteProcessMemory request was completed. (0x12B)
[1219/000425.035:ERROR:process_memory_win.cc(73)] ReadMemory at 0x1dcd916cf30 of 132 bytes failed: Only part of a ReadProcessMemory or WriteProcessMemory request was completed. (0x12B)
[1219/000425.035:ERROR:process_memory_win.cc(73)] ReadMemory at 0x1dcd916d060 of 132 bytes failed: Only part of a ReadProcessMemory or WriteProcessMemory request was completed. (0x12B)
[1219/000425.035:ERROR:process_memory_win.cc(73)] ReadMemory at 0x1dcd916d190 of 132 bytes failed: Only part of a ReadProcessMemory or WriteProcessMemory request was completed. (0x12B)
[1219/000425.035:ERROR:process_memory_win.cc(73)] ReadMemory at 0x1dcd916d3f0 of 132 bytes failed: Only part of a ReadProcessMemory or WriteProcessMemory request was completed. (0x12B)
[1219/000425.036:ERROR:process_memory_win.cc(73)] ReadMemory at 0x1dcd916d650 of 132 bytes failed: Only part of a ReadProcessMemory or WriteProcessMemory request was completed. (0x12B)
[1219/000425.036:ERROR:process_memory_win.cc(73)] ReadMemory at 0x1dcd916d780 of 132 bytes failed: Only part of a ReadProcessMemory or WriteProcessMemory request was completed. (0x12B)
[1219/000425.036:ERROR:process_memory_win.cc(73)] ReadMemory at 0x1dcd916dc40 of 132 bytes failed: Only part of a ReadProcessMemory or WriteProcessMemory request was completed. (0x12B)
[1219/000425.036:ERROR:process_memory_win.cc(73)] ReadMemory at 0x1dcd9180690 of 512 bytes failed: Only part of a ReadProcessMemory or WriteProcessMemory request was completed. (0x12B)
[1219/000425.037:ERROR:process_memory_win.cc(73)] ReadMemory at 0x1dcd92c0000 of 384 bytes failed: Only part of a ReadProcessMemory or WriteProcessMemory request was completed. (0x12B)
[1219/000425.037:ERROR:process_memory_win.cc(73)] ReadMemory at 0x1dcd92c0258 of 512 bytes failed: Only part of a ReadProcessMemory or WriteProcessMemory request was completed. (0x12B)
[1219/000425.037:ERROR:process_memory_win.cc(73)] ReadMemory at 0x1dcd92c0cd0 of 512 bytes failed: Only part of a ReadProcessMemory or WriteProcessMemory request was completed. (0x12B)
[1219/000425.037:ERROR:process_memory_win.cc(73)] ReadMemory at 0x1dcd94df550 of 512 bytes failed: Only part of a ReadProcessMemory or WriteProcessMemory request was completed. (0x12B)
[1219/000425.038:ERROR:process_memory_win.cc(73)] ReadMemory at 0x1dcd9515068 of 512 bytes failed: Only part of a ReadProcessMemory or WriteProcessMemory request was completed. (0x12B)
[1219/000425.038:ERROR:process_memory_win.cc(73)] ReadMemory at 0x1dcd9532360 of 632 bytes failed: Only part of a ReadProcessMemory or WriteProcessMemory request was completed. (0x12B)
[1219/000425.038:ERROR:process_memory_win.cc(73)] ReadMemory at 0x1dcd9556830 of 512 bytes failed: Only part of a ReadProcessMemory or WriteProcessMemory request was completed. (0x12B)
[1219/000425.039:ERROR:process_memory_win.cc(73)] ReadMemory at 0x1dcd955e830 of 712 bytes failed: Only part of a ReadProcessMemory or WriteProcessMemory request was completed. (0x12B)
[1219/000425.039:ERROR:process_memory_win.cc(73)] ReadMemory at 0x1dcd9590c58 of 512 bytes failed: Only part of a ReadProcessMemory or WriteProcessMemory request was completed. (0x12B)
[1219/000425.039:ERROR:process_memory_win.cc(73)] ReadMemory at 0x1dcdb3af558 of 512 bytes failed: Only part of a ReadProcessMemory or WriteProcessMemory request was completed. (0x12B)
[1219/000425.039:ERROR:process_memory_win.cc(73)] ReadMemory at 0x1dcdb6f0970 of 512 bytes failed: Only part of a ReadProcessMemory or WriteProcessMemory request was completed. (0x12B)
[1219/000425.040:ERROR:process_memory_win.cc(73)] ReadMemory at 0x1dcdcc9d09d of 512 bytes failed: Only part of a ReadProcessMemory or WriteProcessMemory request was completed. (0x12B)
[1219/000425.040:ERROR:process_memory_win.cc(73)] ReadMemory at 0x1dcdccc29f0 of 512 bytes failed: Only part of a ReadProcessMemory or WriteProcessMemory request was completed. (0x12B)
[1219/000425.040:ERROR:process_memory_win.cc(73)] ReadMemory at 0x1dcdcd68ad0 of 512 bytes failed: Only part of a ReadProcessMemory or WriteProcessMemory request was completed. (0x12B)
[1219/000425.040:ERROR:process_memory_win.cc(73)] ReadMemory at 0x1dcdcefdad0 of 512 bytes failed: Only part of a ReadProcessMemory or WriteProcessMemory request was completed. (0x12B)
[1219/000425.041:ERROR:process_memory_win.cc(73)] ReadMemory at 0x1dcdcfaeef0 of 512 bytes failed: Only part of a ReadProcessMemory or WriteProcessMemory request was completed. (0x12B)
[1219/000425.041:ERROR:process_memory_win.cc(73)] ReadMemory at 0x1dcdd132ce0 of 512 bytes failed: Only part of a ReadProcessMemory or WriteProcessMemory request was completed. (0x12B)
[1219/000425.041:ERROR:process_memory_win.cc(73)] ReadMemory at 0x1dcdd134300 of 512 bytes failed: Only part of a ReadProcessMemory or WriteProcessMemory request was completed. (0x12B)
[1219/000425.041:ERROR:process_memory_win.cc(73)] ReadMemory at 0x1dcdd1a7b30 of 512 bytes failed: Only part of a ReadProcessMemory or WriteProcessMemory request was completed. (0x12B)
[1219/000425.042:ERROR:process_memory_win.cc(73)] ReadMemory at 0x1dcddc20be8 of 517 bytes failed: Only part of a ReadProcessMemory or WriteProcessMemory request was completed. (0x12B)
[1219/000425.042:ERROR:process_memory_win.cc(73)] ReadMemory at 0x1dcde52fa60 of 512 bytes failed: Only part of a ReadProcessMemory or WriteProcessMemory request was completed. (0x12B)
[1219/000425.042:ERROR:process_memory_win.cc(73)] ReadMemory at 0x1dcde563990 of 512 bytes failed: Only part of a ReadProcessMemory or WriteProcessMemory request was completed. (0x12B)
[1219/000425.042:ERROR:process_memory_win.cc(73)] ReadMemory at 0x1dcde5a8f70 of 512 bytes failed: Only part of a ReadProcessMemory or WriteProcessMemory request was completed. (0x12B)
[1219/000425.043:ERROR:process_memory_win.cc(73)] ReadMemory at 0x1dcde8356c0 of 512 bytes failed: Only part of a ReadProcessMemory or WriteProcessMemory request was completed. (0x12B)
[1219/000425.043:ERROR:process_memory_win.cc(73)] ReadMemory at 0x1dcde837830 of 512 bytes failed: Only part of a ReadProcessMemory or WriteProcessMemory request was completed. (0x12B)
[1219/000425.043:ERROR:process_memory_win.cc(73)] ReadMemory at 0x1dcdea4b760 of 512 bytes failed: Only part of a ReadProcessMemory or WriteProcessMemory request was completed. (0x12B)
[1219/000425.043:ERROR:process_memory_win.cc(73)] ReadMemory at 0x1dcdeacdbc8 of 512 bytes failed: Only part of a ReadProcessMemory or WriteProcessMemory request was completed. (0x12B)
[1219/000425.043:ERROR:process_memory_win.cc(73)] ReadMemory at 0x1dce7530000 of 384 bytes failed: Only part of a ReadProcessMemory or WriteProcessMemory request was completed. (0x12B)
[1219/000425.044:ERROR:process_memory_win.cc(73)] ReadMemory at 0x18723691ed68 of 512 bytes failed: Only part of a ReadProcessMemory or WriteProcessMemory request was completed. (0x12B)
[1219/000425.044:ERROR:process_memory_win.cc(73)] ReadMemory at 0x1abc62811fa0 of 512 bytes failed: Only part of a ReadProcessMemory or WriteProcessMemory request was completed. (0x12B)
[1219/000425.044:ERROR:process_memory_win.cc(73)] ReadMemory at 0x2d5a0ec50c00 of 512 bytes failed: Only part of a ReadProcessMemory or WriteProcessMemory request was completed. (0x12B)
[1219/000425.045:ERROR:process_memory_win.cc(73)] ReadMemory at 0x430072b65670 of 512 bytes failed: Only part of a ReadProcessMemory or WriteProcessMemory request was completed. (0x12B)
[1219/000425.045:ERROR:process_memory_win.cc(73)] ReadMemory at 0x77d7d2280439 of 512 bytes failed: Only part of a ReadProcessMemory or WriteProcessMemory request was completed. (0x12B)
[1219/000425.045:ERROR:process_memory_win.cc(73)] ReadMemory at 0x7ff8bef09b70 of 512 bytes failed: Only part of a ReadProcessMemory or WriteProcessMemory request was completed. (0x12B)
[1219/000425.045:ERROR:process_memory_win.cc(73)] ReadMemory at 0x7ff8bf7d89fe of 512 bytes failed: Only part of a ReadProcessMemory or WriteProcessMemory request was completed. (0x12B)
[1219/000425.045:ERROR:process_memory_win.cc(73)] ReadMemory at 0x7ff8c1ca6682 of 512 bytes failed: Only part of a ReadProcessMemory or WriteProcessMemory request was completed. (0x12B)
[1219/000425.046:ERROR:process_memory_win.cc(73)] ReadMemory at 0x7ff8c1d95850 of 512 bytes failed: Only part of a ReadProcessMemory or WriteProcessMemory request was completed. (0x12B)
[1219/000425.046:ERROR:process_memory_win.cc(73)] ReadMemory at 0x7ff8c3644c20 of 512 bytes failed: Only part of a ReadProcessMemory or WriteProcessMemory request was completed. (0x12B)
[1219/000425.046:ERROR:process_memory_win.cc(73)] ReadMemory at 0x7ff8f82f7bc3 of 512 bytes failed: Only part of a ReadProcessMemory or WriteProcessMemory request was completed. (0x12B)
[1219/000425.047:ERROR:process_memory_win.cc(73)] ReadMemory at 0x7ff8f82f83ba of 512 bytes failed: Only part of a ReadProcessMemory or WriteProcessMemory request was completed. (0x12B)
[1219/000425.047:ERROR:process_memory_win.cc(73)] ReadMemory at 0x7ff91c7d0000 of 384 bytes failed: Only part of a ReadProcessMemory or WriteProcessMemory request was completed. (0x12B)
[1219/000425.047:ERROR:process_memory_win.cc(73)] ReadMemory at 0x7ff91c7e9b72 of 512 bytes failed: Only part of a ReadProcessMemory or WriteProcessMemory request was completed. (0x12B)
[1219/000425.047:ERROR:process_memory_win.cc(73)] ReadMemory at 0x7ff91c7f79f0 of 512 bytes failed: Only part of a ReadProcessMemory or WriteProcessMemory request was completed. (0x12B)
[1219/000425.047:ERROR:process_memory_win.cc(73)] ReadMemory at 0x7ff91c7f82e0 of 512 bytes failed: Only part of a ReadProcessMemory or WriteProcessMemory request was completed. (0x12B)
[1219/000425.048:ERROR:process_memory_win.cc(73)] ReadMemory at 0x7ff91c7fa0d0 of 512 bytes failed: Only part of a ReadProcessMemory or WriteProcessMemory request was completed. (0x12B)
[1219/000425.048:ERROR:process_memory_win.cc(73)] ReadMemory at 0x7ff91c86a9a4 of 512 bytes failed: Only part of a ReadProcessMemory or WriteProcessMemory request was completed. (0x12B)
[1219/000425.048:ERROR:process_memory_win.cc(73)] ReadMemory at 0x7ff91c86b474 of 512 bytes failed: Only part of a ReadProcessMemory or WriteProcessMemory request was completed. (0x12B)
[1219/000425.049:ERROR:process_memory_win.cc(73)] ReadMemory at 0x7ff91c86e214 of 608 bytes failed: Only part of a ReadProcessMemory or WriteProcessMemory request was completed. (0x12B)
[1219/000425.049:ERROR:process_memory_win.cc(73)] ReadMemory at 0x7ff91c8e9380 of 512 bytes failed: Only part of a ReadProcessMemory or WriteProcessMemory request was completed. (0x12B)
[1219/000425.049:ERROR:process_memory_win.cc(73)] ReadMemory at 0x7ff91c8f01e0 of 18 bytes failed: Only part of a ReadProcessMemory or WriteProcessMemory request was completed. (0x12B)
[1219/000425.049:ERROR:process_memory_win.cc(73)] ReadMemory at 0x7ff91c9265b0 of 40 bytes failed: Only part of a ReadProcessMemory or WriteProcessMemory request was completed. (0x12B)
[1219/000425.049:ERROR:process_memory_win.cc(73)] ReadMemory at 0x7ff91c926a08 of 48 bytes failed: Only part of a ReadProcessMemory or WriteProcessMemory request was completed. (0x12B)
[1219/000425.050:ERROR:process_memory_win.cc(73)] ReadMemory at 0x7ff91c92c360 of 64 bytes failed: Only part of a ReadProcessMemory or WriteProcessMemory request was completed. (0x12B)
[1219/000425.056:ERROR:scoped_process_suspend.cc(40)] NtResumeProcess: An attempt was made to access an exiting process. (0xc000010a)
